# JRE version: OpenJDK Runtime Environment (8.0_202-b03) (build 1.8.0_202-release-1483-b03)
# Java VM: OpenJDK 64-Bit Server VM (25.202-b03 mixed mode windows-amd64 compressed oops)
Heap:
 PSYoungGen      total 205312K, used 205284K [0x00000000e0000000, 0x00000000f0280000, 0x0000000100000000)
  eden space 189440K, 100% used [0x00000000e0000000,0x00000000eb900000,0x00000000eb900000)
  from space 15872K, 99% used [0x00000000ef300000,0x00000000f0279188,0x00000000f0280000)
  to   space 18432K, 41% used [0x00000000ede80000,0x00000000ee5fc1f0,0x00000000ef080000)
 ParOldGen       total 117248K, used 48445K [0x00000000a0000000, 0x00000000a7280000, 0x00000000e0000000)
  object space 117248K, 41% used [0x00000000a0000000,0x00000000a2f4f7a0,0x00000000a7280000)
 Metaspace       used 70866K, capacity 73314K, committed 73620K, reserved 1114112K
  class space    used 9297K, capacity 9835K, committed 9916K, reserved 1048576K
GC Heap History (10 events):
Event: 27.224 GC heap after
Heap after GC invocations=13 (full 2):
 PSYoungGen      total 160768K, used 5607K [0x00000000e0000000, 0x00000000edd80000, 0x0000000100000000)
  eden space 146432K, 0% used [0x00000000e0000000,0x00000000e0000000,0x00000000e8f00000)
  from space 14336K, 39% used [0x00000000e8f00000,0x00000000e9479ea8,0x00000000e9d00000)
  to   space 14336K, 0% used [0x00000000ecf80000,0x00000000ecf80000,0x00000000edd80000)
 ParOldGen       total 78848K, used 26813K [0x00000000a0000000, 0x00000000a4d00000, 0x00000000e0000000)
  object space 78848K, 34% used [0x00000000a0000000,0x00000000a1a2f550,0x00000000a4d00000)
 Metaspace       used 51003K, capacity 52008K, committed 52440K, reserved 1095680K
  class space    used 6825K, capacity 7095K, committed 7168K, reserved 1048576K
}
Event: 29.633 GC heap before
{Heap before GC invocations=14 (full 2):
 PSYoungGen      total 160768K, used 112093K [0x00000000e0000000, 0x00000000edd80000, 0x0000000100000000)
  eden space 146432K, 72% used [0x00000000e0000000,0x00000000e67fd760,0x00000000e8f00000)
  from space 14336K, 39% used [0x00000000e8f00000,0x00000000e9479ea8,0x00000000e9d00000)
  to   space 14336K, 0% used [0x00000000ecf80000,0x00000000ecf80000,0x00000000edd80000)
 ParOldGen       total 78848K, used 26813K [0x00000000a0000000, 0x00000000a4d00000, 0x00000000e0000000)
  object space 78848K, 34% used [0x00000000a0000000,0x00000000a1a2f550,0x00000000a4d00000)
 Metaspace       used 57657K, capacity 58964K, committed 59028K, reserved 1099776K
  class space    used 7744K, capacity 8091K, committed 8124K, reserved 1048576K
Event: 29.652 GC heap after
Heap after GC invocations=14 (full 2):
 PSYoungGen      total 208384K, used 9561K [0x00000000e0000000, 0x00000000edb80000, 0x0000000100000000)
  eden space 196096K, 0% used [0x00000000e0000000,0x00000000e0000000,0x00000000ebf80000)
  from space 12288K, 77% used [0x00000000ecf80000,0x00000000ed8d6440,0x00000000edb80000)
  to   space 14336K, 0% used [0x00000000ebf80000,0x00000000ebf80000,0x00000000ecd80000)
 ParOldGen       total 78848K, used 28848K [0x00000000a0000000, 0x00000000a4d00000, 0x00000000e0000000)
  object space 78848K, 36% used [0x00000000a0000000,0x00000000a1c2c220,0x00000000a4d00000)
 Metaspace       used 57657K, capacity 58964K, committed 59028K, reserved 1099776K
  class space    used 7744K, capacity 8091K, committed 8124K, reserved 1048576K
}
Event: 29.652 GC heap before
{Heap before GC invocations=15 (full 3):
 PSYoungGen      total 208384K, used 9561K [0x00000000e0000000, 0x00000000edb80000, 0x0000000100000000)
  eden space 196096K, 0% used [0x00000000e0000000,0x00000000e0000000,0x00000000ebf80000)
  from space 12288K, 77% used [0x00000000ecf80000,0x00000000ed8d6440,0x00000000edb80000)
  to   space 14336K, 0% used [0x00000000ebf80000,0x00000000ebf80000,0x00000000ecd80000)
 ParOldGen       total 78848K, used 28848K [0x00000000a0000000, 0x00000000a4d00000, 0x00000000e0000000)
  object space 78848K, 36% used [0x00000000a0000000,0x00000000a1c2c220,0x00000000a4d00000)
 Metaspace       used 57657K, capacity 58964K, committed 59028K, reserved 1099776K
  class space    used 7744K, capacity 8091K, committed 8124K, reserved 1048576K
Event: 29.959 GC heap after
Heap after GC invocations=15 (full 3):
 PSYoungGen      total 208384K, used 0K [0x00000000e0000000, 0x00000000edb80000, 0x0000000100000000)
  eden space 196096K, 0% used [0x00000000e0000000,0x00000000e0000000,0x00000000ebf80000)
  from space 12288K, 0% used [0x00000000ecf80000,0x00000000ecf80000,0x00000000edb80000)
  to   space 14336K, 0% used [0x00000000ebf80000,0x00000000ebf80000,0x00000000ecd80000)
 ParOldGen       total 117248K, used 32855K [0x00000000a0000000, 0x00000000a7280000, 0x00000000e0000000)
  object space 117248K, 28% used [0x00000000a0000000,0x00000000a2015ca8,0x00000000a7280000)
 Metaspace       used 57657K, capacity 58964K, committed 59028K, reserved 1099776K
  class space    used 7744K, capacity 8091K, committed 8124K, reserved 1048576K
}
Event: 249.520 GC heap before
{Heap before GC invocations=16 (full 3):
 PSYoungGen      total 208384K, used 196096K [0x00000000e0000000, 0x00000000edb80000, 0x0000000100000000)
  eden space 196096K, 100% used [0x00000000e0000000,0x00000000ebf80000,0x00000000ebf80000)
  from space 12288K, 0% used [0x00000000ecf80000,0x00000000ecf80000,0x00000000edb80000)
  to   space 14336K, 0% used [0x00000000ebf80000,0x00000000ebf80000,0x00000000ecd80000)
 ParOldGen       total 117248K, used 32855K [0x00000000a0000000, 0x00000000a7280000, 0x00000000e0000000)
  object space 117248K, 28% used [0x00000000a0000000,0x00000000a2015ca8,0x00000000a7280000)
 Metaspace       used 64868K, capacity 66784K, committed 67092K, reserved 1107968K
  class space    used 8497K, capacity 8965K, committed 9020K, reserved 1048576K
Event: 249.543 GC heap after
Heap after GC invocations=16 (full 3):
 PSYoungGen      total 210432K, used 13482K [0x00000000e0000000, 0x00000000f0280000, 0x0000000100000000)
  eden space 196096K, 0% used [0x00000000e0000000,0x00000000e0000000,0x00000000ebf80000)
  from space 14336K, 94% used [0x00000000ebf80000,0x00000000eccaa850,0x00000000ecd80000)
  to   space 15872K, 0% used [0x00000000ef300000,0x00000000ef300000,0x00000000f0280000)
 ParOldGen       total 117248K, used 32863K [0x00000000a0000000, 0x00000000a7280000, 0x00000000e0000000)
  object space 117248K, 28% used [0x00000000a0000000,0x00000000a2017ca8,0x00000000a7280000)
 Metaspace       used 64868K, capacity 66784K, committed 67092K, reserved 1107968K
  class space    used 8497K, capacity 8965K, committed 9020K, reserved 1048576K
}
Event: 1523.948 GC heap before
{Heap before GC invocations=17 (full 3):
 PSYoungGen      total 210432K, used 209578K [0x00000000e0000000, 0x00000000f0280000, 0x0000000100000000)
  eden space 196096K, 100% used [0x00000000e0000000,0x00000000ebf80000,0x00000000ebf80000)
  from space 14336K, 94% used [0x00000000ebf80000,0x00000000eccaa850,0x00000000ecd80000)
  to   space 15872K, 0% used [0x00000000ef300000,0x00000000ef300000,0x00000000f0280000)
 ParOldGen       total 117248K, used 32863K [0x00000000a0000000, 0x00000000a7280000, 0x00000000e0000000)
  object space 117248K, 28% used [0x00000000a0000000,0x00000000a2017ca8,0x00000000a7280000)
 Metaspace       used 69760K, capacity 72050K, committed 72212K, reserved 1112064K
  class space    used 9192K, capacity 9698K, committed 9788K, reserved 1048576K
Event: 1523.994 GC heap after
Heap after GC invocations=17 (full 3):
 PSYoungGen      total 205312K, used 15844K [0x00000000e0000000, 0x00000000f0280000, 0x0000000100000000)
  eden space 189440K, 0% used [0x00000000e0000000,0x00000000e0000000,0x00000000eb900000)
  from space 15872K, 99% used [0x00000000ef300000,0x00000000f0279188,0x00000000f0280000)
  to   space 18432K, 0% used [0x00000000ede80000,0x00000000ede80000,0x00000000ef080000)
 ParOldGen       total 117248K, used 34585K [0x00000000a0000000, 0x00000000a7280000, 0x00000000e0000000)
  object space 117248K, 29% used [0x00000000a0000000,0x00000000a21c67b0,0x00000000a7280000)
 Metaspace       used 69760K, capacity 72050K, committed 72212K, reserved 1112064K
  class space    used 9192K, capacity 9698K, committed 9788K, reserved 1048576K
}
Event: 9772.230 GC heap before
{Heap before GC invocations=18 (full 3):
 PSYoungGen      total 205312K, used 205284K [0x00000000e0000000, 0x00000000f0280000, 0x0000000100000000)
  eden space 189440K, 100% used [0x00000000e0000000,0x00000000eb900000,0x00000000eb900000)
  from space 15872K, 99% used [0x00000000ef300000,0x00000000f0279188,0x00000000f0280000)
  to   space 18432K, 0% used [0x00000000ede80000,0x00000000ede80000,0x00000000ef080000)
 ParOldGen       total 117248K, used 34585K [0x00000000a0000000, 0x00000000a7280000, 0x00000000e0000000)
  object space 117248K, 29% used [0x00000000a0000000,0x00000000a21c67b0,0x00000000a7280000)
 Metaspace       used 70866K, capacity 73314K, committed 73620K, reserved 1114112K
  class space    used 9297K, capacity 9835K, committed 9916K, reserved 1048576K

